Hmm ... looks like a package
Converting parsed Rd's to LaTeX 
Creating pdf output from LaTeX ...
Error in texi2dvi(file = file, pdf = TRUE, clean = clean, quiet = quiet,  : 
  Running 'texi2dvi' on 'Rd2.tex' failed.
Messages:
tar: Could not open extended attribute file: No such file or directory
tar: Could not open extended attribute file: No such file or directory
tar: Could not open extended attribute file: No such file or directory
tar: Could not open extended attribute file: No such file or directory
tar: Could not open extended attribute file: No such file or directory
tar: Could not open extended attribute file: No such file or directory
tar: Could not open extended attribute file: No such file or directory
tar: Could not open extended attribute file: No such file or directory
/opt/R/arm64/bin/texi2dvi: makeindex failed
Output:
This is pdfTeX, Version 3.141592653-2.6-1.40.25 (TeX Live 2023) (preloaded format=pdflatex)
 restricted \write18 enabled.
entering extended mode
LaTeX2e <2023-11-01>
L3 programming layer <2023-12-08>
(./Rd2.tex
(/Users/xinyingfang/Library/TinyTeX/texmf-dist/tex/latex/base/book.cls
Document Class: book 2023/05/17 v1.4n Standard LaTeX document class
(/Users/xinyingfang/Library/TinyTeX/texmf-dist/tex/latex/base/bk10.clo)) (/Library/Frameworks/R.framework/Resources/share/texmf/tex/latex/Rd.sty (/Users/xinyingfang/Library/TinyTeX/texmf-dist/tex/latex/base/ifthen.sty) (/Users/xinyingfang/Library/TinyTeX/texmf-dist/tex/latex/tools/longtable.sty) (/Users/xinyingfang/Library/TinyTeX/texmf-dist/tex/latex/tools/bm.sty) (/Users/xinyingfang/Library/TinyTeX/texmf-dist/tex/latex/base/alltt.sty) (/Users/xinyingfang/Library/TinyTeX/texmf-dist/tex/latex/tools/verbatim.sty) (/Users/xinyingfang/Library/TinyTeX/texmf-dist/tex/latex/url/url.sty) (/Users/xinyingfang/Library/TinyTeX/texmf-dist/tex/latex/base/textcomp.sty) (/Users/xinyingfang/Library/TinyTeX/texmf-dist/tex/latex/amsmath/amsmath.sty
For additional information on amsmath, use the `?' option.
(/Users/xinyingfang/Library/TinyTeX/texmf-dist/tex/latex/amsmath/amstext.sty (/Users/xinyingfang/Library/TinyTeX/texmf-dist/tex/latex/amsmath/amsgen.sty)) (/Users/xinyingfang/Library/TinyTeX/texmf-dist/tex/latex/amsmath/amsbsy.sty) (/Users/xinyingfang/Library/TinyTeX/texmf-dist/tex/latex/amsmath/amsopn.sty)) (/Users/xinyingfang/Library/TinyTeX/texmf-dist/tex/latex/amsfonts/amsfonts.sty) (/Users/xinyingfang/Library/TinyTeX/texmf-dist/tex/latex/amsfonts/amssymb.sty) (/Users/xinyingfang/Library/TinyTeX/texmf-dist/tex/latex/amsfonts/eucal.sty) (/Users/xinyingfang/Library/TinyTeX/texmf-dist/tex/generic/iftex/iftex.sty) (/Users/xinyingfang/Library/TinyTeX/texmf-dist/tex/latex/base/fontenc.sty) (/Users/xinyingfang/Library/TinyTeX/texmf-dist/tex/latex/psnfss/times.sty) (/Users/xinyingfang/Library/TinyTeX/texmf-dist/tex/latex/inconsolata/zi4.sty `inconsolata-zi4' v1.12, 2019/05/17 Text macros for Inconsolata (msharpe) (/Users/xinyingfang/Library/TinyTeX/texmf-dist/tex/latex/xkeyval/xkeyval.sty (/Users/xinyingfang/Library/TinyTeX/texmf-dist/tex/generic/xkeyval/xkeyval.tex (/Users/xinyingfang/Library/TinyTeX/texmf-dist/tex/generic/xkeyval/xkvutils.tex (/Users/xinyingfang/Library/TinyTeX/texmf-dist/tex/generic/xkeyval/keyval.tex))))) (/Users/xinyingfang/Library/TinyTeX/texmf-dist/tex/latex/graphics/color.sty (/Users/xinyingfang/Library/TinyTeX/texmf-dist/tex/latex/graphics-cfg/color.cfg) (/Users/xinyingfang/Library/TinyTeX/texmf-dist/tex/latex/graphics-def/pdftex.def) (/Users/xinyingfang/Library/TinyTeX/texmf-dist/tex/latex/graphics/mathcolor.ltx)) (/Users/xinyingfang/Library/TinyTeX/texmf-dist/tex/latex/hyperref/hyperref.sty (/Users/xinyingfang/Library/TinyTeX/texmf-dist/tex/generic/infwarerr/infwarerr.sty) (/Users/xinyingfang/Library/TinyTeX/texmf-dist/tex/latex/kvsetkeys/kvsetkeys.sty) (/Users/xinyingfang/Library/TinyTeX/texmf-dist/tex/generic/kvdefinekeys/kvdefinekeys.sty) (/Users/xinyingfang/Library/TinyTeX/texmf-dist/tex/generic/pdfescape/pdfescape.sty (/Users/xinyingfang/Library/TinyTeX/texmf-dist/tex/generic/ltxcmds/ltxcmds.sty) (/Users/xinyingfang/Library/TinyTeX/texmf-dist/tex/generic/pdftexcmds/pdftexcmds.sty)) (/Users/xinyingfang/Library/TinyTeX/texmf-dist/tex/latex/hycolor/hycolor.sty) (/Users/xinyingfang/Library/TinyTeX/texmf-dist/tex/latex/letltxmacro/letltxmacro.sty) (/Users/xinyingfang/Library/TinyTeX/texmf-dist/tex/latex/auxhook/auxhook.sty) (/Users/xinyingfang/Library/TinyTeX/texmf-dist/tex/latex/hyperref/nameref.sty (/Users/xinyingfang/Library/TinyTeX/texmf-dist/tex/latex/refcount/refcount.sty) (/Users/xinyingfang/Library/TinyTeX/texmf-dist/tex/generic/gettitlestring/gettitlestring.sty (/Users/xinyingfang/Library/TinyTeX/texmf-dist/tex/latex/kvoptions/kvoptions.sty))) (/Users/xinyingfang/Library/TinyTeX/texmf-dist/tex/latex/etoolbox/etoolbox.sty) (/Users/xinyingfang/Library/TinyTeX/texmf-dist/tex/latex/hyperref/pd1enc.def) (/Users/xinyingfang/Library/TinyTeX/texmf-dist/tex/generic/intcalc/intcalc.sty) (/Users/xinyingfang/Library/TinyTeX/texmf-dist/tex/latex/hyperref/puenc.def) (/Users/xinyingfang/Library/TinyTeX/texmf-dist/tex/generic/bitset/bitset.sty (/Users/xinyingfang/Library/TinyTeX/texmf-dist/tex/generic/bigintcalc/bigintcalc.sty)) (/Users/xinyingfang/Library/TinyTeX/texmf-dist/tex/latex/base/atbegshi-ltx.sty)) (/Users/xinyingfang/Library/TinyTeX/texmf-dist/tex/latex/hyperref/hpdftex.def (/Users/xinyingfang/Library/TinyTeX/texmf-dist/tex/latex/base/atveryend-ltx.sty) (/Users/xinyingfang/Library/TinyTeX/texmf-dist/tex/latex/rerunfilecheck/rerunfilecheck.sty (/Users/xinyingfang/Library/TinyTeX/texmf-dist/tex/generic/uniquecounter/uniquecounter.sty)))) (/Users/xinyingfang/Library/TinyTeX/texmf-dist/tex/latex/base/makeidx.sty) (/Users/xinyingfang/Library/TinyTeX/texmf-dist/tex/latex/base/inputenc.sty)
Writing index file Rd2.idx
(/Users/xinyingfang/Library/TinyTeX/texmf-dist/tex/latex/psnfss/t1ptm.fd) (/Users/xinyingfang/Library/TinyTeX/texmf-dist/tex/latex/l3backend/l3backend-pdftex.def) (/private/tmp/RtmpE5rYP4/Rd2pdf1402414c8562b/Rd2.aux) (/private/tmp/RtmpE5rYP4/Rd2pdf1402414c8562b/Rd2.out) (/private/tmp/RtmpE5rYP4/Rd2pdf1402414c8562b/Rd2.out) (/Users/xinyingfang/Library/TinyTeX/texmf-dist/tex/latex/inconsolata/t1zi4.fd) (/Users/xinyingfang/Library/TinyTeX/texmf-dist/tex/latex/psnfss/t1phv.fd) (/private/tmp/RtmpE5rYP4/Rd2pdf1402414c8562b/Rd2.toc (/Users/xinyingfang/Library/TinyTeX/texmf-dist/tex/latex/amsfonts/umsa.fd) (/Users/xinyingfang/Library/TinyTeX/texmf-dist/tex/latex/amsfonts/umsb.fd)) [1{/Users/xinyingfang/Library/TinyTeX/texmf-var/fonts/map/pdftex/updmap/pdftex.map}{/Users/xinyingfang/Library/TinyTeX/texmf-dist/fonts/enc/dvips/base/8r.enc}{/Users/xinyingfang/Library/TinyTeX/texmf-dist/fonts/enc/dvips/inconsolata/i4-t1-0.enc}] [2]
Overfull \hbox (14.14809pt too wide) in paragraph at lines 120--122
[]\T1/zi4/m/n/10 get.boundary.pop() []\T1/ptm/m/n/10 re-turns a list ob-ject, in-clud-ing the cor-re-spond-ing de-ci-sion ta-bles []\T1/zi4/m/n/10 $out.boundary

Overfull \hbox (9.78088pt too wide) in paragraph at lines 145--145
 []\T1/zi4/m/n/10 get.oc.pop(target,n.cohort,cohortsize,titration,skeleton,n.trial,cutoff,cutoff_e, 
[3] [4] (/Users/xinyingfang/Library/TinyTeX/texmf-dist/tex/latex/inconsolata/ts1zi4.fd) [5{/Users/xinyingfang/Library/TinyTeX/texmf-dist/fonts/enc/dvips/inconsolata/i4-ts1.enc}] [6]
No file Rd2.ind.
[7] (/private/tmp/RtmpE5rYP4/Rd2pdf1402414c8562b/Rd2.aux) )
(see the transcript file for additional information)</Users/xinyingfang/Library/TinyTeX/texmf-dist/fonts/type1/public/inconsolata/Inconsolata-zi4r.pfb></Users/xinyingfang/Library/TinyTeX/texmf-dist/fonts/type1/public/amsfonts/cm/cmmi10.pfb></Users/xinyingfang/Library/TinyTeX/texmf-dist/fonts/type1/public/amsfonts/cm/cmmi5.pfb></Users/xinyingfang/Library/TinyTeX/texmf-dist/fonts/type1/public/amsfonts/cm/cmmi7.pfb></Users/xinyingfang/Library/TinyTeX/texmf-dist/fonts/type1/public/amsfonts/cm/cmr10.pfb></Users/xinyingfang/Library/TinyTeX/texmf-dist/fonts/type1/public/amsfonts/cm/cmr7.pfb></Users/xinyingfang/Library/TinyTeX/texmf-dist/fonts/type1/public/amsfonts/cm/cmsy10.pfb></Users/xinyingfang/Library/TinyTeX/texmf-dist/fonts/type1/public/amsfonts/cm/cmsy7.pfb></Users/xinyingfang/Library/TinyTeX/texmf-dist/fonts/type1/urw/helvetic/uhvr8a.pfb></Users/xinyingfang/Library/TinyTeX/texmf-dist/fonts/type1/urw/times/utmb8a.pfb></Users/xinyingfang/Library/TinyTeX/texmf
tar: Could not open extended attribute file: No such file or directory
tar: Could not open extended attribute file: No such file or directory
tar: Could not open extended attribute file: No such file or directory
tar: Could not open extended attribute file: No such file or directory
This is pdfTeX, Version 3.141592653-2.6-1.40.25 (TeX Live 2023) (preloaded format=pdflatex)
 restricted \write18 enabled.
entering extended mode
LaTeX2e <2023-11-01>
L3 programming layer <2023-12-08>
(./Rd2.tex
(/Users/xinyingfang/Library/TinyTeX/texmf-dist/tex/latex/base/book.cls
Document Class: book 2023/05/17 v1.4n Standard LaTeX document class
(/Users/xinyingfang/Library/TinyTeX/texmf-dist/tex/latex/base/bk10.clo)) (/Library/Frameworks/R.framework/Resources/share/texmf/tex/latex/Rd.sty (/Users/xinyingfang/Library/TinyTeX/texmf-dist/tex/latex/base/ifthen.sty) (/Users/xinyingfang/Library/TinyTeX/texmf-dist/tex/latex/tools/longtable.sty) (/Users/xinyingfang/Library/TinyTeX/texmf-dist/tex/latex/tools/bm.sty) (/Users/xinyingfang/Library/TinyTeX/texmf-dist/tex/latex/base/alltt.sty) (/Users/xinyingfang/Library/TinyTeX/texmf-dist/tex/latex/tools/verbatim.sty) (/Users/xinyingfang/Library/TinyTeX/texmf-dist/tex/latex/url/url.sty) (/Users/xinyingfang/Library/TinyTeX/texmf-dist/tex/latex/base/textcomp.sty) (/Users/xinyingfang/Library/TinyTeX/texmf-dist/tex/latex/amsmath/amsmath.sty
For additional information on amsmath, use the `?' option.
(/Users/xinyingfang/Library/TinyTeX/texmf-dist/tex/latex/amsmath/amstext.sty (/Users/xinyingfang/Library/TinyTeX/texmf-dist/tex/latex/amsmath/amsgen.sty)) (/Users/xinyingfang/Library/TinyTeX/texmf-dist/tex/latex/amsmath/amsbsy.sty) (/Users/xinyingfang/Library/TinyTeX/texmf-dist/tex/latex/amsmath/amsopn.sty)) (/Users/xinyingfang/Library/TinyTeX/texmf-dist/tex/latex/amsfonts/amsfonts.sty) (/Users/xinyingfang/Library/TinyTeX/texmf-dist/tex/latex/amsfonts/amssymb.sty) (/Users/xinyingfang/Library/TinyTeX/texmf-dist/tex/latex/amsfonts/eucal.sty) (/Users/xinyingfang/Library/TinyTeX/texmf-dist/tex/generic/iftex/iftex.sty) (/Users/xinyingfang/Library/TinyTeX/texmf-dist/tex/latex/base/fontenc.sty) (/Users/xinyingfang/Library/TinyTeX/texmf-dist/tex/latex/psnfss/times.sty) (/Users/xinyingfang/Library/TinyTeX/texmf-dist/tex/latex/inconsolata/zi4.sty `inconsolata-zi4' v1.12, 2019/05/17 Text macros for Inconsolata (msharpe) (/Users/xinyingfang/Library/TinyTeX/texmf-dist/tex/latex/xkeyval/xkeyval.sty (/Users/xinyingfang/Library/TinyTeX/texmf-dist/tex/generic/xkeyval/xkeyval.tex (/Users/xinyingfang/Library/TinyTeX/texmf-dist/tex/generic/xkeyval/xkvutils.tex (/Users/xinyingfang/Library/TinyTeX/texmf-dist/tex/generic/xkeyval/keyval.tex))))) (/Users/xinyingfang/Library/TinyTeX/texmf-dist/tex/latex/graphics/color.sty (/Users/xinyingfang/Library/TinyTeX/texmf-dist/tex/latex/graphics-cfg/color.cfg) (/Users/xinyingfang/Library/TinyTeX/texmf-dist/tex/latex/graphics-def/pdftex.def) (/Users/xinyingfang/Library/TinyTeX/texmf-dist/tex/latex/graphics/mathcolor.ltx)) (/Users/xinyingfang/Library/TinyTeX/texmf-dist/tex/latex/hyperref/hyperref.sty (/Users/xinyingfang/Library/TinyTeX/texmf-dist/tex/generic/infwarerr/infwarerr.sty) (/Users/xinyingfang/Library/TinyTeX/texmf-dist/tex/latex/kvsetkeys/kvsetkeys.sty) (/Users/xinyingfang/Library/TinyTeX/texmf-dist/tex/generic/kvdefinekeys/kvdefinekeys.sty) (/Users/xinyingfang/Library/TinyTeX/texmf-dist/tex/generic/pdfescape/pdfescape.sty (/Users/xinyingfang/Library/TinyTeX/texmf-dist/tex/generic/ltxcmds/ltxcmds.sty) (/Users/xinyingfang/Library/TinyTeX/texmf-dist/tex/generic/pdftexcmds/pdftexcmds.sty)) (/Users/xinyingfang/Library/TinyTeX/texmf-dist/tex/latex/hycolor/hycolor.sty) (/Users/xinyingfang/Library/TinyTeX/texmf-dist/tex/latex/letltxmacro/letltxmacro.sty) (/Users/xinyingfang/Library/TinyTeX/texmf-dist/tex/latex/auxhook/auxhook.sty) (/Users/xinyingfang/Library/TinyTeX/texmf-dist/tex/latex/hyperref/nameref.sty (/Users/xinyingfang/Library/TinyTeX/texmf-dist/tex/latex/refcount/refcount.sty) (/Users/xinyingfang/Library/TinyTeX/texmf-dist/tex/generic/gettitlestring/gettitlestring.sty (/Users/xinyingfang/Library/TinyTeX/texmf-dist/tex/latex/kvoptions/kvoptions.sty))) (/Users/xinyingfang/Library/TinyTeX/texmf-dist/tex/latex/etoolbox/etoolbox.sty) (/Users/xinyingfang/Library/TinyTeX/texmf-dist/tex/latex/hyperref/pd1enc.def) (/Users/xinyingfang/Library/TinyTeX/texmf-dist/tex/generic/intcalc/intcalc.sty) (/Users/xinyingfang/Library/TinyTeX/texmf-dist/tex/latex/hyperref/puenc.def) (/Users/xinyingfang/Library/TinyTeX/texmf-dist/tex/generic/bitset/bitset.sty (/Users/xinyingfang/Library/TinyTeX/texmf-dist/tex/generic/bigintcalc/bigintcalc.sty)) (/Users/xinyingfang/Library/TinyTeX/texmf-dist/tex/latex/base/atbegshi-ltx.sty)) (/Users/xinyingfang/Library/TinyTeX/texmf-dist/tex/latex/hyperref/hpdftex.def (/Users/xinyingfang/Library/TinyTeX/texmf-dist/tex/latex/base/atveryend-ltx.sty) (/Users/xinyingfang/Library/TinyTeX/texmf-dist/tex/latex/rerunfilecheck/rerunfilecheck.sty (/Users/xinyingfang/Library/TinyTeX/texmf-dist/tex/generic/uniquecounter/uniquecounter.sty)))) (/Users/xinyingfang/Library/TinyTeX/texmf-dist/tex/latex/base/makeidx.sty) (/Users/xinyingfang/Library/TinyTeX/texmf-dist/tex/latex/base/inputenc.sty)
Writing index file Rd2.idx
(/Users/xinyingfang/Library/TinyTeX/texmf-dist/tex/latex/psnfss/t1ptm.fd) (/Users/xinyingfang/Library/TinyTeX/texmf-dist/tex/latex/l3backend/l3backend-pdftex.def) (/private/tmp/RtmpE5rYP4/Rd2pdf1402414c8562b/Rd2.aux) (/private/tmp/RtmpE5rYP4/Rd2pdf1402414c8562b/Rd2.out) (/private/tmp/RtmpE5rYP4/Rd2pdf1402414c8562b/Rd2.out) (/Users/xinyingfang/Library/TinyTeX/texmf-dist/tex/latex/inconsolata/t1zi4.fd) (/Users/xinyingfang/Library/TinyTeX/texmf-dist/tex/latex/psnfss/t1phv.fd) (/private/tmp/RtmpE5rYP4/Rd2pdf1402414c8562b/Rd2.toc (/Users/xinyingfang/Library/TinyTeX/texmf-dist/tex/latex/amsfonts/umsa.fd) (/Users/xinyingfang/Library/TinyTeX/texmf-dist/tex/latex/amsfonts/umsb.fd)) [1{/Users/xinyingfang/Library/TinyTeX/texmf-var/fonts/map/pdftex/updmap/pdftex.map}{/Users/xinyingfang/Library/TinyTeX/texmf-dist/fonts/enc/dvips/base/8r.enc}{/Users/xinyingfang/Library/TinyTeX/texmf-dist/fonts/enc/dvips/inconsolata/i4-t1-0.enc}] [2]
Overfull \hbox (14.14809pt too wide) in paragraph at lines 120--122
[]\T1/zi4/m/n/10 get.boundary.pop() []\T1/ptm/m/n/10 re-turns a list ob-ject, in-clud-ing the cor-re-spond-ing de-ci-sion ta-bles []\T1/zi4/m/n/10 $out.boundary

Overfull \hbox (9.78088pt too wide) in paragraph at lines 145--145
 []\T1/zi4/m/n/10 get.oc.pop(target,n.cohort,cohortsize,titration,skeleton,n.trial,cutoff,cutoff_e, 
[3] [4] (/Users/xinyingfang/Library/TinyTeX/texmf-dist/tex/latex/inconsolata/ts1zi4.fd) [5{/Users/xinyingfang/Library/TinyTeX/texmf-dist/fonts/enc/dvips/inconsolata/i4-ts1.enc}] [6]
No file Rd2.ind.
[7] (/private/tmp/RtmpE5rYP4/Rd2pdf1402414c8562b/Rd2.aux) )
(see the transcript file for additional information)</Users/xinyingfang/Library/TinyTeX/texmf-dist/fonts/type1/public/inconsolata/Inconsolata-zi4r.pfb></Users/xinyingfang/Library/TinyTeX/texmf-dist/fonts/type1/public/amsfonts/cm/cmmi10.pfb></Users/xinyingfang/Library/TinyTeX/texmf-dist/fonts/type1/public/amsfonts/cm/cmmi5.pfb></Users/xinyingfang/Library/TinyTeX/texmf-dist/fonts/type1/public/amsfonts/cm/cmmi7.pfb></Users/xinyingfang/Library/TinyTeX/texmf-dist/fonts/type1/public/amsfonts/cm/cmr10.pfb></Users/xinyingfang/Library/TinyTeX/texmf-dist/fonts/type1/public/amsfonts/cm/cmr7.pfb></Users/xinyingfang/Library/TinyTeX/texmf-dist/fonts/type1/public/amsfonts/cm/cmsy10.pfb></Users/xinyingfang/Library/TinyTeX/texmf-dist/fonts/type1/public/amsfonts/cm/cmsy7.pfb></Users/xinyingfang/Library/TinyTeX/texmf-dist/fonts/type1/urw/helvetic/uhvr8a.pfb></Users/xinyingfang/Library/TinyTeX/texmf-dist/fonts/type1/urw/times/utmb8a.pfb></Users/xinyingfang/Library/TinyTeX/texmf-dist/fonts/type1/urw/times/utmr8a.pfb></Users/xinyingfang/Library/TinyTeX/texmf-dist/fonts/type1/urw/times/utmr8a.pfb></Users/xinyingfang/Library/TinyTeX/texmf-dist/fonts/type1/urw/times/utmri8a.pfb>
Output written on Rd2.pdf (7 pages, 161931 bytes).
Transcript written on Rd2.log.
Saving output to ‘PoPdesign-manual.pdf’ ...
Done
You may want to clean up by 'rm -Rf /tmp/RtmpE5rYP4/Rd2pdf1402414c8562b'
